<?xml version="1.0" encoding="UTF-8"?>
<!-- Generated by org.testng.reporters.JUnitReportReporter -->
<testsuite skipped="0" hostname="Ariel-PC" name="tests.LoginTest" tests="1" failures="0" timestamp="2021-03-11T12:52:08 CST" time="0.470" errors="0">
  <testcase name="verifyGoogleSearch" time="0.470" classname="tests.LoginTest"/>
  <system-out/>
</testsuite> <!-- tests.LoginTest -->
